c:\users\michael pollind\desktop\cardriving\trunk\projectorbital\release\servermanager.obj
c:\users\michael pollind\desktop\cardriving\trunk\projectorbital\release\servergamescreen.obj
c:\users\michael pollind\desktop\cardriving\trunk\projectorbital\release\server.obj
c:\users\michael pollind\desktop\cardriving\trunk\projectorbital\release\screenmanager.obj
c:\users\michael pollind\desktop\cardriving\trunk\projectorbital\release\scorescreen.obj
c:\users\michael pollind\desktop\cardriving\trunk\projectorbital\release\player.obj
c:\users\michael pollind\desktop\cardriving\trunk\projectorbital\release\oneclientpacket.obj
c:\users\michael pollind\desktop\cardriving\trunk\projectorbital\release\map.obj
c:\users\michael pollind\desktop\cardriving\trunk\projectorbital\release\mainmenuscreen.obj
c:\users\michael pollind\desktop\cardriving\trunk\projectorbital\release\gamescreen.obj
c:\users\michael pollind\desktop\cardriving\trunk\projectorbital\release\main.obj
c:\users\michael pollind\desktop\cardriving\trunk\projectorbital\release\interfacescreen.obj
c:\users\michael pollind\desktop\cardriving\trunk\projectorbital\release\gamestartarea.obj
c:\users\michael pollind\desktop\cardriving\trunk\projectorbital\release\gameendpoint.obj
c:\users\michael pollind\desktop\cardriving\trunk\projectorbital\release\fourtilepacket.obj
c:\users\michael pollind\desktop\cardriving\trunk\projectorbital\release\fiveplayerpacket.obj
c:\users\michael pollind\desktop\cardriving\trunk\projectorbital\release\connectscreen.obj
c:\users\michael pollind\desktop\cardriving\trunk\projectorbital\release\clientmanager.obj
c:\users\michael pollind\desktop\cardriving\trunk\projectorbital\release\client.obj
c:\users\michael pollind\desktop\cardriving\trunk\projectorbital\release\btn.obj
c:\users\michael pollind\desktop\cardriving\trunk\projectorbital\release\waitingroomscreen.obj
c:\users\michael pollind\desktop\cardriving\trunk\projectorbital\release\twomessagepacket.obj
c:\users\michael pollind\desktop\cardriving\trunk\projectorbital\release\tile.obj
c:\users\michael pollind\desktop\cardriving\trunk\projectorbital\release\threeisreadypacket.obj
c:\users\michael pollind\desktop\cardriving\trunk\projectorbital\release\texturemanager.obj
c:\users\michael pollind\desktop\cardriving\trunk\projectorbital\release\textentry.obj
c:\users\michael pollind\desktop\cardriving\trunk\projectorbital\release\slider.obj
c:\users\michael pollind\desktop\cardriving\trunk\projectorbital\release\sixkeypresspacket.obj
c:\users\michael pollind\desktop\cardriving\trunk\projectorbital\release\serverwaitingroom.obj
c:\users\michael pollind\desktop\cardriving\trunk\projectorbital\release\serversocket.obj
c:\users\michael pollind\desktop\cardriving\trunk\projectorbital\release\vc100.pdb
c:\users\michael pollind\desktop\cardriving\trunk\release\momentus.exe
c:\users\michael pollind\desktop\cardriving\trunk\projectorbital\release\momentus.exe.intermediate.manifest
c:\users\michael pollind\desktop\cardriving\trunk\release\momentus.pdb
f:\oldprojects\computer\c++\cardriving\trunk\projectorbital\release\vc120.pdb
f:\oldprojects\computer\c++\cardriving\trunk\projectorbital\release\servergamescreen.obj
f:\oldprojects\computer\c++\cardriving\trunk\projectorbital\release\server.obj
f:\oldprojects\computer\c++\cardriving\trunk\projectorbital\release\screenmanager.obj
f:\oldprojects\computer\c++\cardriving\trunk\projectorbital\release\scorescreen.obj
f:\oldprojects\computer\c++\cardriving\trunk\projectorbital\release\scoreobject.obj
f:\oldprojects\computer\c++\cardriving\trunk\projectorbital\release\player.obj
f:\oldprojects\computer\c++\cardriving\trunk\projectorbital\release\oneclientpacket.obj
f:\oldprojects\computer\c++\cardriving\trunk\projectorbital\release\map.obj
f:\oldprojects\computer\c++\cardriving\trunk\projectorbital\release\mainmenuscreen.obj
f:\oldprojects\computer\c++\cardriving\trunk\projectorbital\release\gamescreen.obj
f:\oldprojects\computer\c++\cardriving\trunk\projectorbital\release\main.obj
f:\oldprojects\computer\c++\cardriving\trunk\projectorbital\release\interfacescreen.obj
f:\oldprojects\computer\c++\cardriving\trunk\projectorbital\release\gamestartarea.obj
f:\oldprojects\computer\c++\cardriving\trunk\projectorbital\release\gameendpoint.obj
f:\oldprojects\computer\c++\cardriving\trunk\projectorbital\release\fourtilepacket.obj
f:\oldprojects\computer\c++\cardriving\trunk\projectorbital\release\fiveplayerpacket.obj
f:\oldprojects\computer\c++\cardriving\trunk\projectorbital\release\connectscreen.obj
f:\oldprojects\computer\c++\cardriving\trunk\projectorbital\release\clientmanager.obj
f:\oldprojects\computer\c++\cardriving\trunk\projectorbital\release\client.obj
f:\oldprojects\computer\c++\cardriving\trunk\projectorbital\release\btn.obj
f:\oldprojects\computer\c++\cardriving\trunk\projectorbital\release\waitingroomscreen.obj
f:\oldprojects\computer\c++\cardriving\trunk\projectorbital\release\twomessagepacket.obj
f:\oldprojects\computer\c++\cardriving\trunk\projectorbital\release\tile.obj
f:\oldprojects\computer\c++\cardriving\trunk\projectorbital\release\threeisreadypacket.obj
f:\oldprojects\computer\c++\cardriving\trunk\projectorbital\release\texturemanager.obj
f:\oldprojects\computer\c++\cardriving\trunk\projectorbital\release\textentry.obj
f:\oldprojects\computer\c++\cardriving\trunk\projectorbital\release\slider.obj
f:\oldprojects\computer\c++\cardriving\trunk\projectorbital\release\sixkeypresspacket.obj
f:\oldprojects\computer\c++\cardriving\trunk\projectorbital\release\sevenscorepacket.obj
f:\oldprojects\computer\c++\cardriving\trunk\projectorbital\release\serverwaitingroom.obj
f:\oldprojects\computer\c++\cardriving\trunk\projectorbital\release\serversocket.obj
f:\oldprojects\computer\c++\cardriving\trunk\projectorbital\release\servermanager.obj
f:\oldprojects\computer\c++\cardriving\trunk\release\momentus.exe
f:\oldprojects\computer\c++\cardriving\trunk\release\momentus.pdb
f:\oldprojects\computer\c++\cardriving\trunk\projectorbital\release\cl.command.1.tlog
f:\oldprojects\computer\c++\cardriving\trunk\projectorbital\release\cl.read.1.tlog
f:\oldprojects\computer\c++\cardriving\trunk\projectorbital\release\cl.write.1.tlog
f:\oldprojects\computer\c++\cardriving\trunk\projectorbital\release\link.command.1.tlog
f:\oldprojects\computer\c++\cardriving\trunk\projectorbital\release\link.read.1.tlog
f:\oldprojects\computer\c++\cardriving\trunk\projectorbital\release\link.write.1.tlog
f:\oldprojects\computer\c++\cardriving\trunk\projectorbital\release\mt.command.1.tlog
f:\oldprojects\computer\c++\cardriving\trunk\projectorbital\release\mt.read.1.tlog
f:\oldprojects\computer\c++\cardriving\trunk\projectorbital\release\mt.write.1.tlog
f:\oldprojects\computer\c++\cardriving\trunk\projectorbital\release\momentus.exe.intermediate.manifest
f:\oldprojects\computer\c++\cardriving\trunk\projectorbital\release\vc100.pdb
f:\oldprojects\computer\c++\cardriving\trunk\projectorbital\release\car.tlog\cl.command.1.tlog
f:\oldprojects\computer\c++\cardriving\trunk\projectorbital\release\car.tlog\cl.read.1.tlog
f:\oldprojects\computer\c++\cardriving\trunk\projectorbital\release\car.tlog\cl.write.1.tlog
f:\oldprojects\computer\c++\cardriving\trunk\projectorbital\release\car.tlog\link.command.1.tlog
f:\oldprojects\computer\c++\cardriving\trunk\projectorbital\release\car.tlog\link.read.1.tlog
f:\oldprojects\computer\c++\cardriving\trunk\projectorbital\release\car.tlog\link.write.1.tlog
