f:\oldprojects\computer\c++\cardriving\trunk\projectorbital\debug\vc120.pdb
f:\oldprojects\computer\c++\cardriving\trunk\projectorbital\debug\vc120.idb
f:\oldprojects\computer\c++\cardriving\trunk\projectorbital\debug\map.obj
f:\oldprojects\computer\c++\cardriving\trunk\projectorbital\debug\oneclientpacket.obj
f:\oldprojects\computer\c++\cardriving\trunk\projectorbital\debug\player.obj
f:\oldprojects\computer\c++\cardriving\trunk\projectorbital\debug\scoreobject.obj
f:\oldprojects\computer\c++\cardriving\trunk\projectorbital\debug\scorescreen.obj
f:\oldprojects\computer\c++\cardriving\trunk\projectorbital\debug\screenmanager.obj
f:\oldprojects\computer\c++\cardriving\trunk\projectorbital\debug\server.obj
f:\oldprojects\computer\c++\cardriving\trunk\projectorbital\debug\servergamescreen.obj
f:\oldprojects\computer\c++\cardriving\trunk\projectorbital\debug\servermanager.obj
f:\oldprojects\computer\c++\cardriving\trunk\projectorbital\debug\serversocket.obj
f:\oldprojects\computer\c++\cardriving\trunk\projectorbital\debug\serverwaitingroom.obj
f:\oldprojects\computer\c++\cardriving\trunk\projectorbital\debug\sevenscorepacket.obj
f:\oldprojects\computer\c++\cardriving\trunk\projectorbital\debug\sixkeypresspacket.obj
f:\oldprojects\computer\c++\cardriving\trunk\projectorbital\debug\slider.obj
f:\oldprojects\computer\c++\cardriving\trunk\projectorbital\debug\textentry.obj
f:\oldprojects\computer\c++\cardriving\trunk\projectorbital\debug\texturemanager.obj
f:\oldprojects\computer\c++\cardriving\trunk\projectorbital\debug\threeisreadypacket.obj
f:\oldprojects\computer\c++\cardriving\trunk\projectorbital\debug\tile.obj
f:\oldprojects\computer\c++\cardriving\trunk\projectorbital\debug\twomessagepacket.obj
f:\oldprojects\computer\c++\cardriving\trunk\projectorbital\debug\waitingroomscreen.obj
f:\oldprojects\computer\c++\cardriving\trunk\projectorbital\debug\btn.obj
f:\oldprojects\computer\c++\cardriving\trunk\projectorbital\debug\client.obj
f:\oldprojects\computer\c++\cardriving\trunk\projectorbital\debug\clientmanager.obj
f:\oldprojects\computer\c++\cardriving\trunk\projectorbital\debug\connectscreen.obj
f:\oldprojects\computer\c++\cardriving\trunk\projectorbital\debug\fiveplayerpacket.obj
f:\oldprojects\computer\c++\cardriving\trunk\projectorbital\debug\fourtilepacket.obj
f:\oldprojects\computer\c++\cardriving\trunk\projectorbital\debug\gameendpoint.obj
f:\oldprojects\computer\c++\cardriving\trunk\projectorbital\debug\gamestartarea.obj
f:\oldprojects\computer\c++\cardriving\trunk\projectorbital\debug\interfacescreen.obj
f:\oldprojects\computer\c++\cardriving\trunk\projectorbital\debug\main.obj
f:\oldprojects\computer\c++\cardriving\trunk\projectorbital\debug\gamescreen.obj
f:\oldprojects\computer\c++\cardriving\trunk\projectorbital\debug\mainmenuscreen.obj
f:\oldprojects\computer\c++\cardriving\trunk\debug\momentus.exe
f:\oldprojects\computer\c++\cardriving\trunk\debug\momentus.pdb
f:\oldprojects\computer\c++\cardriving\trunk\projectorbital\debug\car.tlog\cl.command.1.tlog
f:\oldprojects\computer\c++\cardriving\trunk\projectorbital\debug\car.tlog\cl.read.1.tlog
f:\oldprojects\computer\c++\cardriving\trunk\projectorbital\debug\car.tlog\cl.write.1.tlog
f:\oldprojects\computer\c++\cardriving\trunk\projectorbital\debug\car.tlog\link.command.1.tlog
f:\oldprojects\computer\c++\cardriving\trunk\projectorbital\debug\car.tlog\link.read.1.tlog
f:\oldprojects\computer\c++\cardriving\trunk\projectorbital\debug\car.tlog\link.write.1.tlog
